[2015-11-11 15:09:56] lumen.ERROR: exception 'InvalidArgumentException' with message 'View [home] not found.' in /Users/gabrielrodriguescouto/Arquivos/Projetos/palestra/palestra/vendor/illuminate/view/FileViewFinder.php:140
Stack trace:
#0 /Users/gabrielrodriguescouto/Arquivos/Projetos/palestra/palestra/vendor/illuminate/view/FileViewFinder.php(77): Illuminate\View\FileViewFinder->findInPaths('home', Array)
#1 /Users/gabrielrodriguescouto/Arquivos/Projetos/palestra/palestra/vendor/illuminate/view/Factory.php(145): Illuminate\View\FileViewFinder->find('home')
#2 /Users/gabrielrodriguescouto/Arquivos/Projetos/palestra/palestra/vendor/laravel/lumen-framework/src/helpers.php(383): Illuminate\View\Factory->make('home', Array, Array)
#3 /Users/gabrielrodriguescouto/Arquivos/Projetos/palestra/palestra/app/Http/routes.php(47): view('home', Array)
#4 [internal function]: Closure->{closure}()
#5 /Users/gabrielrodriguescouto/Arquivos/Projetos/palestra/palestra/vendor/illuminate/container/Container.php(523): call_user_func_array(Object(Closure), Array)
#6 /Users/gabrielrodriguescouto/Arquivos/Projetos/palestra/palestra/vendor/laravel/lumen-framework/src/Application.php(1184): Illuminate\Container\Container->call(Object(Closure), Array)
#7 /Users/gabrielrodriguescouto/Arquivos/Projetos/palestra/palestra/vendor/laravel/lumen-framework/src/Application.php(1158): Laravel\Lumen\Application->callActionOnArrayBasedRoute(Array)
#8 /Users/gabrielrodriguescouto/Arquivos/Projetos/palestra/palestra/vendor/laravel/lumen-framework/src/Application.php(1132): Laravel\Lumen\Application->handleArrayBasedFoundRoute(Array)
#9 [internal function]: Laravel\Lumen\Application->Laravel\Lumen\{closure}(Object(Illuminate\Http\Request))
#10 /Users/gabrielrodriguescouto/Arquivos/Projetos/palestra/palestra/vendor/illuminate/pipeline/Pipeline.php(141): call_user_func(Object(Closure), Object(Illuminate\Http\Request))
#11 /Users/gabrielrodriguescouto/Arquivos/Projetos/palestra/palestra/vendor/illuminate/session/Middleware/StartSession.php(61): Illuminate\Pipeline\Pipeline->Illuminate\Pipeline\{closure}(Object(Illuminate\Http\Request))
#12 /Users/gabrielrodriguescouto/Arquivos/Projetos/palestra/palestra/vendor/illuminate/pipeline/Pipeline.php(125): Illuminate\Session\Middleware\StartSession->handle(Object(Illuminate\Http\Request), Object(Closure))
#13 [internal function]: Illuminate\Pipeline\Pipeline->Illuminate\Pipeline\{closure}(Object(Illuminate\Http\Request))
#14 /Users/gabrielrodriguescouto/Arquivos/Projetos/palestra/palestra/vendor/illuminate/pipeline/Pipeline.php(101): call_user_func(Object(Closure), Object(Illuminate\Http\Request))
#15 /Users/gabrielrodriguescouto/Arquivos/Projetos/palestra/palestra/vendor/laravel/lumen-framework/src/Application.php(1303): Illuminate\Pipeline\Pipeline->then(Object(Closure))
#16 /Users/gabrielrodriguescouto/Arquivos/Projetos/palestra/palestra/vendor/laravel/lumen-framework/src/Application.php(1133): Laravel\Lumen\Application->sendThroughPipeline(Array, Object(Closure))
#17 /Users/gabrielrodriguescouto/Arquivos/Projetos/palestra/palestra/vendor/laravel/lumen-framework/src/Application.php(1074): Laravel\Lumen\Application->handleFoundRoute(Array)
#18 /Users/gabrielrodriguescouto/Arquivos/Projetos/palestra/palestra/vendor/laravel/lumen-framework/src/Application.php(1022): Laravel\Lumen\Application->dispatch(NULL)
#19 /Users/gabrielrodriguescouto/Arquivos/Projetos/palestra/palestra/public/index.php(28): Laravel\Lumen\Application->run()
#20 /Users/gabrielrodriguescouto/Arquivos/Projetos/palestra/palestra/server.php(12): require_once('/Users/gabrielr...')
#21 {main}  
[2015-11-11 15:21:59] lumen.ERROR: exception 'InvalidArgumentException' with message 'View [...resources.views.home] not found.' in /Users/gabrielrodriguescouto/Arquivos/Projetos/palestra/palestra/vendor/illuminate/view/FileViewFinder.php:140
Stack trace:
#0 /Users/gabrielrodriguescouto/Arquivos/Projetos/palestra/palestra/vendor/illuminate/view/FileViewFinder.php(77): Illuminate\View\FileViewFinder->findInPaths('...resources.vi...', Array)
#1 /Users/gabrielrodriguescouto/Arquivos/Projetos/palestra/palestra/vendor/illuminate/view/Factory.php(145): Illuminate\View\FileViewFinder->find('...resources.vi...')
#2 /Users/gabrielrodriguescouto/Arquivos/Projetos/palestra/palestra/vendor/laravel/lumen-framework/src/helpers.php(383): Illuminate\View\Factory->make('../resources/vi...', Array, Array)
#3 /Users/gabrielrodriguescouto/Arquivos/Projetos/palestra/palestra/app/Http/routes.php(47): view('../resources/vi...', Array)
#4 [internal function]: Closure->{closure}()
#5 /Users/gabrielrodriguescouto/Arquivos/Projetos/palestra/palestra/vendor/illuminate/container/Container.php(526): call_user_func_array(Object(Closure), Array)
#6 /Users/gabrielrodriguescouto/Arquivos/Projetos/palestra/palestra/vendor/laravel/lumen-framework/src/Application.php(1197): Illuminate\Container\Container->call(Object(Closure), Array)
#7 /Users/gabrielrodriguescouto/Arquivos/Projetos/palestra/palestra/vendor/laravel/lumen-framework/src/Application.php(1171): Laravel\Lumen\Application->callActionOnArrayBasedRoute(Array)
#8 /Users/gabrielrodriguescouto/Arquivos/Projetos/palestra/palestra/vendor/laravel/lumen-framework/src/Application.php(1093): Laravel\Lumen\Application->handleFoundRoute(Array)
#9 [internal function]: Laravel\Lumen\Application->Laravel\Lumen\{closure}(Object(Illuminate\Http\Request))
#10 /Users/gabrielrodriguescouto/Arquivos/Projetos/palestra/palestra/vendor/illuminate/pipeline/Pipeline.php(141): call_user_func(Object(Closure), Object(Illuminate\Http\Request))
#11 /Users/gabrielrodriguescouto/Arquivos/Projetos/palestra/palestra/vendor/illuminate/session/Middleware/StartSession.php(61): Illuminate\Pipeline\Pipeline->Illuminate\Pipeline\{closure}(Object(Illuminate\Http\Request))
#12 /Users/gabrielrodriguescouto/Arquivos/Projetos/palestra/palestra/vendor/illuminate/pipeline/Pipeline.php(125): Illuminate\Session\Middleware\StartSession->handle(Object(Illuminate\Http\Request), Object(Closure))
#13 [internal function]: Illuminate\Pipeline\Pipeline->Illuminate\Pipeline\{closure}(Object(Illuminate\Http\Request))
#14 /Users/gabrielrodriguescouto/Arquivos/Projetos/palestra/palestra/vendor/illuminate/pipeline/Pipeline.php(101): call_user_func(Object(Closure), Object(Illuminate\Http\Request))
#15 /Users/gabrielrodriguescouto/Arquivos/Projetos/palestra/palestra/vendor/laravel/lumen-framework/src/Application.php(1317): Illuminate\Pipeline\Pipeline->then(Object(Closure))
#16 /Users/gabrielrodriguescouto/Arquivos/Projetos/palestra/palestra/vendor/laravel/lumen-framework/src/Application.php(1099): Laravel\Lumen\Application->sendThroughPipeline(Array, Object(Closure))
#17 /Users/gabrielrodriguescouto/Arquivos/Projetos/palestra/palestra/vendor/laravel/lumen-framework/src/Application.php(1037): Laravel\Lumen\Application->dispatch(NULL)
#18 /Users/gabrielrodriguescouto/Arquivos/Projetos/palestra/palestra/public/index.php(28): Laravel\Lumen\Application->run()
#19 /Users/gabrielrodriguescouto/Arquivos/Projetos/palestra/palestra/server.php(12): require_once('/Users/gabrielr...')
#20 {main}  
[2015-11-11 15:22:33] lumen.ERROR: exception 'InvalidArgumentException' with message 'View [home] not found.' in /Users/gabrielrodriguescouto/Arquivos/Projetos/palestra/palestra/vendor/illuminate/view/FileViewFinder.php:140
Stack trace:
#0 /Users/gabrielrodriguescouto/Arquivos/Projetos/palestra/palestra/vendor/illuminate/view/FileViewFinder.php(77): Illuminate\View\FileViewFinder->findInPaths('home', Array)
#1 /Users/gabrielrodriguescouto/Arquivos/Projetos/palestra/palestra/vendor/illuminate/view/Factory.php(145): Illuminate\View\FileViewFinder->find('home')
#2 /Users/gabrielrodriguescouto/Arquivos/Projetos/palestra/palestra/vendor/laravel/lumen-framework/src/helpers.php(383): Illuminate\View\Factory->make('home', Array, Array)
#3 /Users/gabrielrodriguescouto/Arquivos/Projetos/palestra/palestra/app/Http/routes.php(47): view('home', Array)
#4 [internal function]: Closure->{closure}()
#5 /Users/gabrielrodriguescouto/Arquivos/Projetos/palestra/palestra/vendor/illuminate/container/Container.php(526): call_user_func_array(Object(Closure), Array)
#6 /Users/gabrielrodriguescouto/Arquivos/Projetos/palestra/palestra/vendor/laravel/lumen-framework/src/Application.php(1197): Illuminate\Container\Container->call(Object(Closure), Array)
#7 /Users/gabrielrodriguescouto/Arquivos/Projetos/palestra/palestra/vendor/laravel/lumen-framework/src/Application.php(1171): Laravel\Lumen\Application->callActionOnArrayBasedRoute(Array)
#8 /Users/gabrielrodriguescouto/Arquivos/Projetos/palestra/palestra/vendor/laravel/lumen-framework/src/Application.php(1093): Laravel\Lumen\Application->handleFoundRoute(Array)
#9 [internal function]: Laravel\Lumen\Application->Laravel\Lumen\{closure}(Object(Illuminate\Http\Request))
#10 /Users/gabrielrodriguescouto/Arquivos/Projetos/palestra/palestra/vendor/illuminate/pipeline/Pipeline.php(141): call_user_func(Object(Closure), Object(Illuminate\Http\Request))
#11 /Users/gabrielrodriguescouto/Arquivos/Projetos/palestra/palestra/vendor/illuminate/session/Middleware/StartSession.php(61): Illuminate\Pipeline\Pipeline->Illuminate\Pipeline\{closure}(Object(Illuminate\Http\Request))
#12 /Users/gabrielrodriguescouto/Arquivos/Projetos/palestra/palestra/vendor/illuminate/pipeline/Pipeline.php(125): Illuminate\Session\Middleware\StartSession->handle(Object(Illuminate\Http\Request), Object(Closure))
#13 [internal function]: Illuminate\Pipeline\Pipeline->Illuminate\Pipeline\{closure}(Object(Illuminate\Http\Request))
#14 /Users/gabrielrodriguescouto/Arquivos/Projetos/palestra/palestra/vendor/illuminate/pipeline/Pipeline.php(101): call_user_func(Object(Closure), Object(Illuminate\Http\Request))
#15 /Users/gabrielrodriguescouto/Arquivos/Projetos/palestra/palestra/vendor/laravel/lumen-framework/src/Application.php(1317): Illuminate\Pipeline\Pipeline->then(Object(Closure))
#16 /Users/gabrielrodriguescouto/Arquivos/Projetos/palestra/palestra/vendor/laravel/lumen-framework/src/Application.php(1099): Laravel\Lumen\Application->sendThroughPipeline(Array, Object(Closure))
#17 /Users/gabrielrodriguescouto/Arquivos/Projetos/palestra/palestra/vendor/laravel/lumen-framework/src/Application.php(1037): Laravel\Lumen\Application->dispatch(NULL)
#18 /Users/gabrielrodriguescouto/Arquivos/Projetos/palestra/palestra/public/index.php(28): Laravel\Lumen\Application->run()
#19 /Users/gabrielrodriguescouto/Arquivos/Projetos/palestra/palestra/server.php(12): require_once('/Users/gabrielr...')
#20 {main}  
[2015-11-11 15:22:35] lumen.ERROR: exception 'InvalidArgumentException' with message 'View [home] not found.' in /Users/gabrielrodriguescouto/Arquivos/Projetos/palestra/palestra/vendor/illuminate/view/FileViewFinder.php:140
Stack trace:
#0 /Users/gabrielrodriguescouto/Arquivos/Projetos/palestra/palestra/vendor/illuminate/view/FileViewFinder.php(77): Illuminate\View\FileViewFinder->findInPaths('home', Array)
#1 /Users/gabrielrodriguescouto/Arquivos/Projetos/palestra/palestra/vendor/illuminate/view/Factory.php(145): Illuminate\View\FileViewFinder->find('home')
#2 /Users/gabrielrodriguescouto/Arquivos/Projetos/palestra/palestra/vendor/laravel/lumen-framework/src/helpers.php(383): Illuminate\View\Factory->make('home', Array, Array)
#3 /Users/gabrielrodriguescouto/Arquivos/Projetos/palestra/palestra/app/Http/routes.php(47): view('home', Array)
#4 [internal function]: Closure->{closure}()
#5 /Users/gabrielrodriguescouto/Arquivos/Projetos/palestra/palestra/vendor/illuminate/container/Container.php(526): call_user_func_array(Object(Closure), Array)
#6 /Users/gabrielrodriguescouto/Arquivos/Projetos/palestra/palestra/vendor/laravel/lumen-framework/src/Application.php(1197): Illuminate\Container\Container->call(Object(Closure), Array)
#7 /Users/gabrielrodriguescouto/Arquivos/Projetos/palestra/palestra/vendor/laravel/lumen-framework/src/Application.php(1171): Laravel\Lumen\Application->callActionOnArrayBasedRoute(Array)
#8 /Users/gabrielrodriguescouto/Arquivos/Projetos/palestra/palestra/vendor/laravel/lumen-framework/src/Application.php(1093): Laravel\Lumen\Application->handleFoundRoute(Array)
#9 [internal function]: Laravel\Lumen\Application->Laravel\Lumen\{closure}(Object(Illuminate\Http\Request))
#10 /Users/gabrielrodriguescouto/Arquivos/Projetos/palestra/palestra/vendor/illuminate/pipeline/Pipeline.php(141): call_user_func(Object(Closure), Object(Illuminate\Http\Request))
#11 /Users/gabrielrodriguescouto/Arquivos/Projetos/palestra/palestra/vendor/illuminate/session/Middleware/StartSession.php(61): Illuminate\Pipeline\Pipeline->Illuminate\Pipeline\{closure}(Object(Illuminate\Http\Request))
#12 /Users/gabrielrodriguescouto/Arquivos/Projetos/palestra/palestra/vendor/illuminate/pipeline/Pipeline.php(125): Illuminate\Session\Middleware\StartSession->handle(Object(Illuminate\Http\Request), Object(Closure))
#13 [internal function]: Illuminate\Pipeline\Pipeline->Illuminate\Pipeline\{closure}(Object(Illuminate\Http\Request))
#14 /Users/gabrielrodriguescouto/Arquivos/Projetos/palestra/palestra/vendor/illuminate/pipeline/Pipeline.php(101): call_user_func(Object(Closure), Object(Illuminate\Http\Request))
#15 /Users/gabrielrodriguescouto/Arquivos/Projetos/palestra/palestra/vendor/laravel/lumen-framework/src/Application.php(1317): Illuminate\Pipeline\Pipeline->then(Object(Closure))
#16 /Users/gabrielrodriguescouto/Arquivos/Projetos/palestra/palestra/vendor/laravel/lumen-framework/src/Application.php(1099): Laravel\Lumen\Application->sendThroughPipeline(Array, Object(Closure))
#17 /Users/gabrielrodriguescouto/Arquivos/Projetos/palestra/palestra/vendor/laravel/lumen-framework/src/Application.php(1037): Laravel\Lumen\Application->dispatch(NULL)
#18 /Users/gabrielrodriguescouto/Arquivos/Projetos/palestra/palestra/public/index.php(28): Laravel\Lumen\Application->run()
#19 /Users/gabrielrodriguescouto/Arquivos/Projetos/palestra/palestra/server.php(12): require_once('/Users/gabrielr...')
#20 {main}  
[2015-11-11 15:22:36] lumen.ERROR: exception 'InvalidArgumentException' with message 'View [home] not found.' in /Users/gabrielrodriguescouto/Arquivos/Projetos/palestra/palestra/vendor/illuminate/view/FileViewFinder.php:140
Stack trace:
#0 /Users/gabrielrodriguescouto/Arquivos/Projetos/palestra/palestra/vendor/illuminate/view/FileViewFinder.php(77): Illuminate\View\FileViewFinder->findInPaths('home', Array)
#1 /Users/gabrielrodriguescouto/Arquivos/Projetos/palestra/palestra/vendor/illuminate/view/Factory.php(145): Illuminate\View\FileViewFinder->find('home')
#2 /Users/gabrielrodriguescouto/Arquivos/Projetos/palestra/palestra/vendor/laravel/lumen-framework/src/helpers.php(383): Illuminate\View\Factory->make('home', Array, Array)
#3 /Users/gabrielrodriguescouto/Arquivos/Projetos/palestra/palestra/app/Http/routes.php(47): view('home', Array)
#4 [internal function]: Closure->{closure}()
#5 /Users/gabrielrodriguescouto/Arquivos/Projetos/palestra/palestra/vendor/illuminate/container/Container.php(526): call_user_func_array(Object(Closure), Array)
#6 /Users/gabrielrodriguescouto/Arquivos/Projetos/palestra/palestra/vendor/laravel/lumen-framework/src/Application.php(1197): Illuminate\Container\Container->call(Object(Closure), Array)
#7 /Users/gabrielrodriguescouto/Arquivos/Projetos/palestra/palestra/vendor/laravel/lumen-framework/src/Application.php(1171): Laravel\Lumen\Application->callActionOnArrayBasedRoute(Array)
#8 /Users/gabrielrodriguescouto/Arquivos/Projetos/palestra/palestra/vendor/laravel/lumen-framework/src/Application.php(1093): Laravel\Lumen\Application->handleFoundRoute(Array)
#9 [internal function]: Laravel\Lumen\Application->Laravel\Lumen\{closure}(Object(Illuminate\Http\Request))
#10 /Users/gabrielrodriguescouto/Arquivos/Projetos/palestra/palestra/vendor/illuminate/pipeline/Pipeline.php(141): call_user_func(Object(Closure), Object(Illuminate\Http\Request))
#11 /Users/gabrielrodriguescouto/Arquivos/Projetos/palestra/palestra/vendor/illuminate/session/Middleware/StartSession.php(61): Illuminate\Pipeline\Pipeline->Illuminate\Pipeline\{closure}(Object(Illuminate\Http\Request))
#12 /Users/gabrielrodriguescouto/Arquivos/Projetos/palestra/palestra/vendor/illuminate/pipeline/Pipeline.php(125): Illuminate\Session\Middleware\StartSession->handle(Object(Illuminate\Http\Request), Object(Closure))
#13 [internal function]: Illuminate\Pipeline\Pipeline->Illuminate\Pipeline\{closure}(Object(Illuminate\Http\Request))
#14 /Users/gabrielrodriguescouto/Arquivos/Projetos/palestra/palestra/vendor/illuminate/pipeline/Pipeline.php(101): call_user_func(Object(Closure), Object(Illuminate\Http\Request))
#15 /Users/gabrielrodriguescouto/Arquivos/Projetos/palestra/palestra/vendor/laravel/lumen-framework/src/Application.php(1317): Illuminate\Pipeline\Pipeline->then(Object(Closure))
#16 /Users/gabrielrodriguescouto/Arquivos/Projetos/palestra/palestra/vendor/laravel/lumen-framework/src/Application.php(1099): Laravel\Lumen\Application->sendThroughPipeline(Array, Object(Closure))
#17 /Users/gabrielrodriguescouto/Arquivos/Projetos/palestra/palestra/vendor/laravel/lumen-framework/src/Application.php(1037): Laravel\Lumen\Application->dispatch(NULL)
#18 /Users/gabrielrodriguescouto/Arquivos/Projetos/palestra/palestra/public/index.php(28): Laravel\Lumen\Application->run()
#19 /Users/gabrielrodriguescouto/Arquivos/Projetos/palestra/palestra/server.php(12): require_once('/Users/gabrielr...')
#20 {main}  
[2015-11-11 15:24:40] lumen.ERROR: exception 'InvalidArgumentException' with message 'View [home] not found.' in /Users/gabrielrodriguescouto/Arquivos/Projetos/palestra/palestra/vendor/illuminate/view/FileViewFinder.php:140
Stack trace:
#0 /Users/gabrielrodriguescouto/Arquivos/Projetos/palestra/palestra/vendor/illuminate/view/FileViewFinder.php(77): Illuminate\View\FileViewFinder->findInPaths('home', Array)
#1 /Users/gabrielrodriguescouto/Arquivos/Projetos/palestra/palestra/vendor/illuminate/view/Factory.php(145): Illuminate\View\FileViewFinder->find('home')
#2 /Users/gabrielrodriguescouto/Arquivos/Projetos/palestra/palestra/vendor/laravel/lumen-framework/src/helpers.php(383): Illuminate\View\Factory->make('home', Array, Array)
#3 /Users/gabrielrodriguescouto/Arquivos/Projetos/palestra/palestra/app/Http/routes.php(47): view('home', Array)
#4 [internal function]: Closure->{closure}()
#5 /Users/gabrielrodriguescouto/Arquivos/Projetos/palestra/palestra/vendor/illuminate/container/Container.php(526): call_user_func_array(Object(Closure), Array)
#6 /Users/gabrielrodriguescouto/Arquivos/Projetos/palestra/palestra/vendor/laravel/lumen-framework/src/Application.php(1197): Illuminate\Container\Container->call(Object(Closure), Array)
#7 /Users/gabrielrodriguescouto/Arquivos/Projetos/palestra/palestra/vendor/laravel/lumen-framework/src/Application.php(1171): Laravel\Lumen\Application->callActionOnArrayBasedRoute(Array)
#8 /Users/gabrielrodriguescouto/Arquivos/Projetos/palestra/palestra/vendor/laravel/lumen-framework/src/Application.php(1093): Laravel\Lumen\Application->handleFoundRoute(Array)
#9 [internal function]: Laravel\Lumen\Application->Laravel\Lumen\{closure}(Object(Illuminate\Http\Request))
#10 /Users/gabrielrodriguescouto/Arquivos/Projetos/palestra/palestra/vendor/illuminate/pipeline/Pipeline.php(141): call_user_func(Object(Closure), Object(Illuminate\Http\Request))
#11 /Users/gabrielrodriguescouto/Arquivos/Projetos/palestra/palestra/vendor/illuminate/session/Middleware/StartSession.php(61): Illuminate\Pipeline\Pipeline->Illuminate\Pipeline\{closure}(Object(Illuminate\Http\Request))
#12 /Users/gabrielrodriguescouto/Arquivos/Projetos/palestra/palestra/vendor/illuminate/pipeline/Pipeline.php(125): Illuminate\Session\Middleware\StartSession->handle(Object(Illuminate\Http\Request), Object(Closure))
#13 [internal function]: Illuminate\Pipeline\Pipeline->Illuminate\Pipeline\{closure}(Object(Illuminate\Http\Request))
#14 /Users/gabrielrodriguescouto/Arquivos/Projetos/palestra/palestra/vendor/illuminate/pipeline/Pipeline.php(101): call_user_func(Object(Closure), Object(Illuminate\Http\Request))
#15 /Users/gabrielrodriguescouto/Arquivos/Projetos/palestra/palestra/vendor/laravel/lumen-framework/src/Application.php(1317): Illuminate\Pipeline\Pipeline->then(Object(Closure))
#16 /Users/gabrielrodriguescouto/Arquivos/Projetos/palestra/palestra/vendor/laravel/lumen-framework/src/Application.php(1099): Laravel\Lumen\Application->sendThroughPipeline(Array, Object(Closure))
#17 /Users/gabrielrodriguescouto/Arquivos/Projetos/palestra/palestra/vendor/laravel/lumen-framework/src/Application.php(1037): Laravel\Lumen\Application->dispatch(NULL)
#18 /Users/gabrielrodriguescouto/Arquivos/Projetos/palestra/palestra/public/index.php(28): Laravel\Lumen\Application->run()
#19 /Users/gabrielrodriguescouto/Arquivos/Projetos/palestra/palestra/server.php(12): require_once('/Users/gabrielr...')
#20 {main}  
[2015-11-11 15:26:00] lumen.ERROR: exception 'InvalidArgumentException' with message 'View [home] not found.' in /Users/gabrielrodriguescouto/Arquivos/Projetos/palestra/palestra/vendor/illuminate/view/FileViewFinder.php:140
Stack trace:
#0 /Users/gabrielrodriguescouto/Arquivos/Projetos/palestra/palestra/vendor/illuminate/view/FileViewFinder.php(77): Illuminate\View\FileViewFinder->findInPaths('home', Array)
#1 /Users/gabrielrodriguescouto/Arquivos/Projetos/palestra/palestra/vendor/illuminate/view/Factory.php(145): Illuminate\View\FileViewFinder->find('home')
#2 /Users/gabrielrodriguescouto/Arquivos/Projetos/palestra/palestra/vendor/laravel/lumen-framework/src/helpers.php(383): Illuminate\View\Factory->make('home', Array, Array)
#3 /Users/gabrielrodriguescouto/Arquivos/Projetos/palestra/palestra/app/Http/routes.php(47): view('home', Array)
#4 [internal function]: Closure->{closure}()
#5 /Users/gabrielrodriguescouto/Arquivos/Projetos/palestra/palestra/vendor/illuminate/container/Container.php(526): call_user_func_array(Object(Closure), Array)
#6 /Users/gabrielrodriguescouto/Arquivos/Projetos/palestra/palestra/vendor/laravel/lumen-framework/src/Application.php(1197): Illuminate\Container\Container->call(Object(Closure), Array)
#7 /Users/gabrielrodriguescouto/Arquivos/Projetos/palestra/palestra/vendor/laravel/lumen-framework/src/Application.php(1171): Laravel\Lumen\Application->callActionOnArrayBasedRoute(Array)
#8 /Users/gabrielrodriguescouto/Arquivos/Projetos/palestra/palestra/vendor/laravel/lumen-framework/src/Application.php(1093): Laravel\Lumen\Application->handleFoundRoute(Array)
#9 [internal function]: Laravel\Lumen\Application->Laravel\Lumen\{closure}(Object(Illuminate\Http\Request))
#10 /Users/gabrielrodriguescouto/Arquivos/Projetos/palestra/palestra/vendor/illuminate/pipeline/Pipeline.php(141): call_user_func(Object(Closure), Object(Illuminate\Http\Request))
#11 /Users/gabrielrodriguescouto/Arquivos/Projetos/palestra/palestra/vendor/illuminate/session/Middleware/StartSession.php(61): Illuminate\Pipeline\Pipeline->Illuminate\Pipeline\{closure}(Object(Illuminate\Http\Request))
#12 /Users/gabrielrodriguescouto/Arquivos/Projetos/palestra/palestra/vendor/illuminate/pipeline/Pipeline.php(125): Illuminate\Session\Middleware\StartSession->handle(Object(Illuminate\Http\Request), Object(Closure))
#13 [internal function]: Illuminate\Pipeline\Pipeline->Illuminate\Pipeline\{closure}(Object(Illuminate\Http\Request))
#14 /Users/gabrielrodriguescouto/Arquivos/Projetos/palestra/palestra/vendor/illuminate/pipeline/Pipeline.php(101): call_user_func(Object(Closure), Object(Illuminate\Http\Request))
#15 /Users/gabrielrodriguescouto/Arquivos/Projetos/palestra/palestra/vendor/laravel/lumen-framework/src/Application.php(1317): Illuminate\Pipeline\Pipeline->then(Object(Closure))
#16 /Users/gabrielrodriguescouto/Arquivos/Projetos/palestra/palestra/vendor/laravel/lumen-framework/src/Application.php(1099): Laravel\Lumen\Application->sendThroughPipeline(Array, Object(Closure))
#17 /Users/gabrielrodriguescouto/Arquivos/Projetos/palestra/palestra/vendor/laravel/lumen-framework/src/Application.php(1037): Laravel\Lumen\Application->dispatch(NULL)
#18 /Users/gabrielrodriguescouto/Arquivos/Projetos/palestra/palestra/public/index.php(28): Laravel\Lumen\Application->run()
#19 /Users/gabrielrodriguescouto/Arquivos/Projetos/palestra/palestra/server.php(12): require_once('/Users/gabrielr...')
#20 {main}  
[2015-11-11 15:26:01] lumen.ERROR: exception 'InvalidArgumentException' with message 'View [home] not found.' in /Users/gabrielrodriguescouto/Arquivos/Projetos/palestra/palestra/vendor/illuminate/view/FileViewFinder.php:140
Stack trace:
#0 /Users/gabrielrodriguescouto/Arquivos/Projetos/palestra/palestra/vendor/illuminate/view/FileViewFinder.php(77): Illuminate\View\FileViewFinder->findInPaths('home', Array)
#1 /Users/gabrielrodriguescouto/Arquivos/Projetos/palestra/palestra/vendor/illuminate/view/Factory.php(145): Illuminate\View\FileViewFinder->find('home')
#2 /Users/gabrielrodriguescouto/Arquivos/Projetos/palestra/palestra/vendor/laravel/lumen-framework/src/helpers.php(383): Illuminate\View\Factory->make('home', Array, Array)
#3 /Users/gabrielrodriguescouto/Arquivos/Projetos/palestra/palestra/app/Http/routes.php(47): view('home', Array)
#4 [internal function]: Closure->{closure}()
#5 /Users/gabrielrodriguescouto/Arquivos/Projetos/palestra/palestra/vendor/illuminate/container/Container.php(526): call_user_func_array(Object(Closure), Array)
#6 /Users/gabrielrodriguescouto/Arquivos/Projetos/palestra/palestra/vendor/laravel/lumen-framework/src/Application.php(1197): Illuminate\Container\Container->call(Object(Closure), Array)
#7 /Users/gabrielrodriguescouto/Arquivos/Projetos/palestra/palestra/vendor/laravel/lumen-framework/src/Application.php(1171): Laravel\Lumen\Application->callActionOnArrayBasedRoute(Array)
#8 /Users/gabrielrodriguescouto/Arquivos/Projetos/palestra/palestra/vendor/laravel/lumen-framework/src/Application.php(1093): Laravel\Lumen\Application->handleFoundRoute(Array)
#9 [internal function]: Laravel\Lumen\Application->Laravel\Lumen\{closure}(Object(Illuminate\Http\Request))
#10 /Users/gabrielrodriguescouto/Arquivos/Projetos/palestra/palestra/vendor/illuminate/pipeline/Pipeline.php(141): call_user_func(Object(Closure), Object(Illuminate\Http\Request))
#11 /Users/gabrielrodriguescouto/Arquivos/Projetos/palestra/palestra/vendor/illuminate/session/Middleware/StartSession.php(61): Illuminate\Pipeline\Pipeline->Illuminate\Pipeline\{closure}(Object(Illuminate\Http\Request))
#12 /Users/gabrielrodriguescouto/Arquivos/Projetos/palestra/palestra/vendor/illuminate/pipeline/Pipeline.php(125): Illuminate\Session\Middleware\StartSession->handle(Object(Illuminate\Http\Request), Object(Closure))
#13 [internal function]: Illuminate\Pipeline\Pipeline->Illuminate\Pipeline\{closure}(Object(Illuminate\Http\Request))
#14 /Users/gabrielrodriguescouto/Arquivos/Projetos/palestra/palestra/vendor/illuminate/pipeline/Pipeline.php(101): call_user_func(Object(Closure), Object(Illuminate\Http\Request))
#15 /Users/gabrielrodriguescouto/Arquivos/Projetos/palestra/palestra/vendor/laravel/lumen-framework/src/Application.php(1317): Illuminate\Pipeline\Pipeline->then(Object(Closure))
#16 /Users/gabrielrodriguescouto/Arquivos/Projetos/palestra/palestra/vendor/laravel/lumen-framework/src/Application.php(1099): Laravel\Lumen\Application->sendThroughPipeline(Array, Object(Closure))
#17 /Users/gabrielrodriguescouto/Arquivos/Projetos/palestra/palestra/vendor/laravel/lumen-framework/src/Application.php(1037): Laravel\Lumen\Application->dispatch(NULL)
#18 /Users/gabrielrodriguescouto/Arquivos/Projetos/palestra/palestra/public/index.php(28): Laravel\Lumen\Application->run()
#19 /Users/gabrielrodriguescouto/Arquivos/Projetos/palestra/palestra/server.php(12): require_once('/Users/gabrielr...')
#20 {main}  
[2015-11-11 15:26:01] lumen.ERROR: exception 'InvalidArgumentException' with message 'View [home] not found.' in /Users/gabrielrodriguescouto/Arquivos/Projetos/palestra/palestra/vendor/illuminate/view/FileViewFinder.php:140
Stack trace:
#0 /Users/gabrielrodriguescouto/Arquivos/Projetos/palestra/palestra/vendor/illuminate/view/FileViewFinder.php(77): Illuminate\View\FileViewFinder->findInPaths('home', Array)
#1 /Users/gabrielrodriguescouto/Arquivos/Projetos/palestra/palestra/vendor/illuminate/view/Factory.php(145): Illuminate\View\FileViewFinder->find('home')
#2 /Users/gabrielrodriguescouto/Arquivos/Projetos/palestra/palestra/vendor/laravel/lumen-framework/src/helpers.php(383): Illuminate\View\Factory->make('home', Array, Array)
#3 /Users/gabrielrodriguescouto/Arquivos/Projetos/palestra/palestra/app/Http/routes.php(47): view('home', Array)
#4 [internal function]: Closure->{closure}()
#5 /Users/gabrielrodriguescouto/Arquivos/Projetos/palestra/palestra/vendor/illuminate/container/Container.php(526): call_user_func_array(Object(Closure), Array)
#6 /Users/gabrielrodriguescouto/Arquivos/Projetos/palestra/palestra/vendor/laravel/lumen-framework/src/Application.php(1197): Illuminate\Container\Container->call(Object(Closure), Array)
#7 /Users/gabrielrodriguescouto/Arquivos/Projetos/palestra/palestra/vendor/laravel/lumen-framework/src/Application.php(1171): Laravel\Lumen\Application->callActionOnArrayBasedRoute(Array)
#8 /Users/gabrielrodriguescouto/Arquivos/Projetos/palestra/palestra/vendor/laravel/lumen-framework/src/Application.php(1093): Laravel\Lumen\Application->handleFoundRoute(Array)
#9 [internal function]: Laravel\Lumen\Application->Laravel\Lumen\{closure}(Object(Illuminate\Http\Request))
#10 /Users/gabrielrodriguescouto/Arquivos/Projetos/palestra/palestra/vendor/illuminate/pipeline/Pipeline.php(141): call_user_func(Object(Closure), Object(Illuminate\Http\Request))
#11 /Users/gabrielrodriguescouto/Arquivos/Projetos/palestra/palestra/vendor/illuminate/session/Middleware/StartSession.php(61): Illuminate\Pipeline\Pipeline->Illuminate\Pipeline\{closure}(Object(Illuminate\Http\Request))
#12 /Users/gabrielrodriguescouto/Arquivos/Projetos/palestra/palestra/vendor/illuminate/pipeline/Pipeline.php(125): Illuminate\Session\Middleware\StartSession->handle(Object(Illuminate\Http\Request), Object(Closure))
#13 [internal function]: Illuminate\Pipeline\Pipeline->Illuminate\Pipeline\{closure}(Object(Illuminate\Http\Request))
#14 /Users/gabrielrodriguescouto/Arquivos/Projetos/palestra/palestra/vendor/illuminate/pipeline/Pipeline.php(101): call_user_func(Object(Closure), Object(Illuminate\Http\Request))
#15 /Users/gabrielrodriguescouto/Arquivos/Projetos/palestra/palestra/vendor/laravel/lumen-framework/src/Application.php(1317): Illuminate\Pipeline\Pipeline->then(Object(Closure))
#16 /Users/gabrielrodriguescouto/Arquivos/Projetos/palestra/palestra/vendor/laravel/lumen-framework/src/Application.php(1099): Laravel\Lumen\Application->sendThroughPipeline(Array, Object(Closure))
#17 /Users/gabrielrodriguescouto/Arquivos/Projetos/palestra/palestra/vendor/laravel/lumen-framework/src/Application.php(1037): Laravel\Lumen\Application->dispatch(NULL)
#18 /Users/gabrielrodriguescouto/Arquivos/Projetos/palestra/palestra/public/index.php(28): Laravel\Lumen\Application->run()
#19 /Users/gabrielrodriguescouto/Arquivos/Projetos/palestra/palestra/server.php(12): require_once('/Users/gabrielr...')
#20 {main}  
[2015-11-11 15:26:02] lumen.ERROR: exception 'InvalidArgumentException' with message 'View [home] not found.' in /Users/gabrielrodriguescouto/Arquivos/Projetos/palestra/palestra/vendor/illuminate/view/FileViewFinder.php:140
Stack trace:
#0 /Users/gabrielrodriguescouto/Arquivos/Projetos/palestra/palestra/vendor/illuminate/view/FileViewFinder.php(77): Illuminate\View\FileViewFinder->findInPaths('home', Array)
#1 /Users/gabrielrodriguescouto/Arquivos/Projetos/palestra/palestra/vendor/illuminate/view/Factory.php(145): Illuminate\View\FileViewFinder->find('home')
#2 /Users/gabrielrodriguescouto/Arquivos/Projetos/palestra/palestra/vendor/laravel/lumen-framework/src/helpers.php(383): Illuminate\View\Factory->make('home', Array, Array)
#3 /Users/gabrielrodriguescouto/Arquivos/Projetos/palestra/palestra/app/Http/routes.php(47): view('home', Array)
#4 [internal function]: Closure->{closure}()
#5 /Users/gabrielrodriguescouto/Arquivos/Projetos/palestra/palestra/vendor/illuminate/container/Container.php(526): call_user_func_array(Object(Closure), Array)
#6 /Users/gabrielrodriguescouto/Arquivos/Projetos/palestra/palestra/vendor/laravel/lumen-framework/src/Application.php(1197): Illuminate\Container\Container->call(Object(Closure), Array)
#7 /Users/gabrielrodriguescouto/Arquivos/Projetos/palestra/palestra/vendor/laravel/lumen-framework/src/Application.php(1171): Laravel\Lumen\Application->callActionOnArrayBasedRoute(Array)
#8 /Users/gabrielrodriguescouto/Arquivos/Projetos/palestra/palestra/vendor/laravel/lumen-framework/src/Application.php(1093): Laravel\Lumen\Application->handleFoundRoute(Array)
#9 [internal function]: Laravel\Lumen\Application->Laravel\Lumen\{closure}(Object(Illuminate\Http\Request))
#10 /Users/gabrielrodriguescouto/Arquivos/Projetos/palestra/palestra/vendor/illuminate/pipeline/Pipeline.php(141): call_user_func(Object(Closure), Object(Illuminate\Http\Request))
#11 /Users/gabrielrodriguescouto/Arquivos/Projetos/palestra/palestra/vendor/illuminate/session/Middleware/StartSession.php(61): Illuminate\Pipeline\Pipeline->Illuminate\Pipeline\{closure}(Object(Illuminate\Http\Request))
#12 /Users/gabrielrodriguescouto/Arquivos/Projetos/palestra/palestra/vendor/illuminate/pipeline/Pipeline.php(125): Illuminate\Session\Middleware\StartSession->handle(Object(Illuminate\Http\Request), Object(Closure))
#13 [internal function]: Illuminate\Pipeline\Pipeline->Illuminate\Pipeline\{closure}(Object(Illuminate\Http\Request))
#14 /Users/gabrielrodriguescouto/Arquivos/Projetos/palestra/palestra/vendor/illuminate/pipeline/Pipeline.php(101): call_user_func(Object(Closure), Object(Illuminate\Http\Request))
#15 /Users/gabrielrodriguescouto/Arquivos/Projetos/palestra/palestra/vendor/laravel/lumen-framework/src/Application.php(1317): Illuminate\Pipeline\Pipeline->then(Object(Closure))
#16 /Users/gabrielrodriguescouto/Arquivos/Projetos/palestra/palestra/vendor/laravel/lumen-framework/src/Application.php(1099): Laravel\Lumen\Application->sendThroughPipeline(Array, Object(Closure))
#17 /Users/gabrielrodriguescouto/Arquivos/Projetos/palestra/palestra/vendor/laravel/lumen-framework/src/Application.php(1037): Laravel\Lumen\Application->dispatch(NULL)
#18 /Users/gabrielrodriguescouto/Arquivos/Projetos/palestra/palestra/public/index.php(28): Laravel\Lumen\Application->run()
#19 /Users/gabrielrodriguescouto/Arquivos/Projetos/palestra/palestra/server.php(12): require_once('/Users/gabrielr...')
#20 {main}  
[2015-11-11 15:26:27] lumen.ERROR: exception 'InvalidArgumentException' with message 'View [home] not found.' in /Users/gabrielrodriguescouto/Arquivos/Projetos/palestra/palestra/vendor/illuminate/view/FileViewFinder.php:140
Stack trace:
#0 /Users/gabrielrodriguescouto/Arquivos/Projetos/palestra/palestra/vendor/illuminate/view/FileViewFinder.php(77): Illuminate\View\FileViewFinder->findInPaths('home', Array)
#1 /Users/gabrielrodriguescouto/Arquivos/Projetos/palestra/palestra/vendor/illuminate/view/Factory.php(145): Illuminate\View\FileViewFinder->find('home')
#2 /Users/gabrielrodriguescouto/Arquivos/Projetos/palestra/palestra/vendor/laravel/lumen-framework/src/helpers.php(383): Illuminate\View\Factory->make('home', Array, Array)
#3 /Users/gabrielrodriguescouto/Arquivos/Projetos/palestra/palestra/app/Http/routes.php(15): view('home')
#4 [internal function]: Closure->{closure}()
#5 /Users/gabrielrodriguescouto/Arquivos/Projetos/palestra/palestra/vendor/illuminate/container/Container.php(526): call_user_func_array(Object(Closure), Array)
#6 /Users/gabrielrodriguescouto/Arquivos/Projetos/palestra/palestra/vendor/laravel/lumen-framework/src/Application.php(1197): Illuminate\Container\Container->call(Object(Closure), Array)
#7 /Users/gabrielrodriguescouto/Arquivos/Projetos/palestra/palestra/vendor/laravel/lumen-framework/src/Application.php(1171): Laravel\Lumen\Application->callActionOnArrayBasedRoute(Array)
#8 /Users/gabrielrodriguescouto/Arquivos/Projetos/palestra/palestra/vendor/laravel/lumen-framework/src/Application.php(1093): Laravel\Lumen\Application->handleFoundRoute(Array)
#9 [internal function]: Laravel\Lumen\Application->Laravel\Lumen\{closure}(Object(Illuminate\Http\Request))
#10 /Users/gabrielrodriguescouto/Arquivos/Projetos/palestra/palestra/vendor/illuminate/pipeline/Pipeline.php(141): call_user_func(Object(Closure), Object(Illuminate\Http\Request))
#11 /Users/gabrielrodriguescouto/Arquivos/Projetos/palestra/palestra/vendor/illuminate/session/Middleware/StartSession.php(61): Illuminate\Pipeline\Pipeline->Illuminate\Pipeline\{closure}(Object(Illuminate\Http\Request))
#12 /Users/gabrielrodriguescouto/Arquivos/Projetos/palestra/palestra/vendor/illuminate/pipeline/Pipeline.php(125): Illuminate\Session\Middleware\StartSession->handle(Object(Illuminate\Http\Request), Object(Closure))
#13 [internal function]: Illuminate\Pipeline\Pipeline->Illuminate\Pipeline\{closure}(Object(Illuminate\Http\Request))
#14 /Users/gabrielrodriguescouto/Arquivos/Projetos/palestra/palestra/vendor/illuminate/pipeline/Pipeline.php(101): call_user_func(Object(Closure), Object(Illuminate\Http\Request))
#15 /Users/gabrielrodriguescouto/Arquivos/Projetos/palestra/palestra/vendor/laravel/lumen-framework/src/Application.php(1317): Illuminate\Pipeline\Pipeline->then(Object(Closure))
#16 /Users/gabrielrodriguescouto/Arquivos/Projetos/palestra/palestra/vendor/laravel/lumen-framework/src/Application.php(1099): Laravel\Lumen\Application->sendThroughPipeline(Array, Object(Closure))
#17 /Users/gabrielrodriguescouto/Arquivos/Projetos/palestra/palestra/vendor/laravel/lumen-framework/src/Application.php(1037): Laravel\Lumen\Application->dispatch(NULL)
#18 /Users/gabrielrodriguescouto/Arquivos/Projetos/palestra/palestra/public/index.php(28): Laravel\Lumen\Application->run()
#19 /Users/gabrielrodriguescouto/Arquivos/Projetos/palestra/palestra/server.php(12): require_once('/Users/gabrielr...')
#20 {main}  
[2015-11-11 15:26:29] lumen.ERROR: exception 'InvalidArgumentException' with message 'View [home] not found.' in /Users/gabrielrodriguescouto/Arquivos/Projetos/palestra/palestra/vendor/illuminate/view/FileViewFinder.php:140
Stack trace:
#0 /Users/gabrielrodriguescouto/Arquivos/Projetos/palestra/palestra/vendor/illuminate/view/FileViewFinder.php(77): Illuminate\View\FileViewFinder->findInPaths('home', Array)
#1 /Users/gabrielrodriguescouto/Arquivos/Projetos/palestra/palestra/vendor/illuminate/view/Factory.php(145): Illuminate\View\FileViewFinder->find('home')
#2 /Users/gabrielrodriguescouto/Arquivos/Projetos/palestra/palestra/vendor/laravel/lumen-framework/src/helpers.php(383): Illuminate\View\Factory->make('home', Array, Array)
#3 /Users/gabrielrodriguescouto/Arquivos/Projetos/palestra/palestra/app/Http/routes.php(15): view('home')
#4 [internal function]: Closure->{closure}()
#5 /Users/gabrielrodriguescouto/Arquivos/Projetos/palestra/palestra/vendor/illuminate/container/Container.php(526): call_user_func_array(Object(Closure), Array)
#6 /Users/gabrielrodriguescouto/Arquivos/Projetos/palestra/palestra/vendor/laravel/lumen-framework/src/Application.php(1197): Illuminate\Container\Container->call(Object(Closure), Array)
#7 /Users/gabrielrodriguescouto/Arquivos/Projetos/palestra/palestra/vendor/laravel/lumen-framework/src/Application.php(1171): Laravel\Lumen\Application->callActionOnArrayBasedRoute(Array)
#8 /Users/gabrielrodriguescouto/Arquivos/Projetos/palestra/palestra/vendor/laravel/lumen-framework/src/Application.php(1093): Laravel\Lumen\Application->handleFoundRoute(Array)
#9 [internal function]: Laravel\Lumen\Application->Laravel\Lumen\{closure}(Object(Illuminate\Http\Request))
#10 /Users/gabrielrodriguescouto/Arquivos/Projetos/palestra/palestra/vendor/illuminate/pipeline/Pipeline.php(141): call_user_func(Object(Closure), Object(Illuminate\Http\Request))
#11 /Users/gabrielrodriguescouto/Arquivos/Projetos/palestra/palestra/vendor/illuminate/session/Middleware/StartSession.php(61): Illuminate\Pipeline\Pipeline->Illuminate\Pipeline\{closure}(Object(Illuminate\Http\Request))
#12 /Users/gabrielrodriguescouto/Arquivos/Projetos/palestra/palestra/vendor/illuminate/pipeline/Pipeline.php(125): Illuminate\Session\Middleware\StartSession->handle(Object(Illuminate\Http\Request), Object(Closure))
#13 [internal function]: Illuminate\Pipeline\Pipeline->Illuminate\Pipeline\{closure}(Object(Illuminate\Http\Request))
#14 /Users/gabrielrodriguescouto/Arquivos/Projetos/palestra/palestra/vendor/illuminate/pipeline/Pipeline.php(101): call_user_func(Object(Closure), Object(Illuminate\Http\Request))
#15 /Users/gabrielrodriguescouto/Arquivos/Projetos/palestra/palestra/vendor/laravel/lumen-framework/src/Application.php(1317): Illuminate\Pipeline\Pipeline->then(Object(Closure))
#16 /Users/gabrielrodriguescouto/Arquivos/Projetos/palestra/palestra/vendor/laravel/lumen-framework/src/Application.php(1099): Laravel\Lumen\Application->sendThroughPipeline(Array, Object(Closure))
#17 /Users/gabrielrodriguescouto/Arquivos/Projetos/palestra/palestra/vendor/laravel/lumen-framework/src/Application.php(1037): Laravel\Lumen\Application->dispatch(NULL)
#18 /Users/gabrielrodriguescouto/Arquivos/Projetos/palestra/palestra/public/index.php(28): Laravel\Lumen\Application->run()
#19 /Users/gabrielrodriguescouto/Arquivos/Projetos/palestra/palestra/server.php(12): require_once('/Users/gabrielr...')
#20 {main}  
